This is pdfTeX, Version 3.141592653-2.6-1.40.25 (TeX Live 2023/Built by MSYS2 project) (preloaded format=pdfcsplain 2024.11.11)  22 NOV 2024 17:36
entering extended mode
 restricted \write18 enabled.
 %&-line parsing enabled.
 encTeX v. Jun. 2004, reencoding enabled
**src/UvodDoProgramovani.tex
(./src/UvodDoProgramovani.tex The format: csplain <Mar. 2022>.
The cs-fonts are preloaded and A4 size implicitly defined.
The utf8->iso8859-2 re-encoding of Czech+Slovak alphabet activated by encTeX
(c:/Users/petrh/texmf/tex/plane/tmac/tmac.tex
\tmpnum=\count28
\tmpdim=\dimen16
\iindent=\dimen17
\ttindent=\dimen18
\colsep=\dimen19
\mnoteindent=\dimen20
\mnotesize=\dimen21
\titskip=\skip18
\ptunit=\dimen22
\fontdim=\dimen23

(c:/msys64/mingw64/share/texmf-dist/tex/csplain/fonts/ams-math.tex
FONT: AMS math fonts - \mathchardef's prepared, 12 math families preloaded.
\ptmunit=\dimen24
)
The \^, \`, \', \v, \" and \r expands to characters by ISO-8859-2.
\reffile=\write0
\testin=\read0
\chapnum=\count29
\secnum=\count30
\seccnum=\count31
\nonumnum=\count32
\remskipamount=\skip19
\tnum=\count33
\fnum=\count34
\dnum=\count35
\itemnum=\count36
\mullines=\count37
\oulnum=\count38
\ttline=\count39
\viline=\count40
\vifile=\read1
\tabdata=\toks12
\colnum=\count41
\drulewidth=\dimen25
\picwidth=\dimen26
\picheight=\dimen27
\fnotenum=\count42
\fnotenumlocal=\count43
\mnotenum=\count44
\mnoteskip=\dimen28
\auxfile=\write1
\bibnum=\count45
\bibmark=\toks13
\lastcitenum=\count46
\lastpage=\count47
\pgwidth=\dimen29
\pgheight=\dimen30
\shiftoffset=\dimen31

(pdf/UvodDoProgramovani.ref)
\openout0 = `UvodDoProgramovani.ref'.

)
cs hyphenation used (\language=5). \frenchspacing is set on. (./src/Title.tex
[1{c:/msys64/mingw64/var/lib/texmf/fonts/map/pdftex/updmap/pdftex.map}]
[2]) (./src/Uvod.tex) [1] (./src/ZakladyAlgoritmizace.tex [2]
Underfull \vbox (badness 2726) has occurred while \output is active
\vbox(731.23584+2.33331)x455.24411, glue set 3.01082
.\glue(\topskip) 0.0
.\hbox(10.0006+0.0)x455.24411, glue set 341.71217fil
..\write0<3>{\string \Xtoc {2}{\noexpand \rm }{2.4.1}{Sekvence}{\the \pageno }}

..\tenbf 2
..\tenbf .
..\tenbf 4
..\tenbf .
..\tenbf 1
..\glue 16.20099
..\tenbf S
..\tenbf e
..\tenbf k
..\tenbf v
..\kern-0.45003
..\tenbf e
..\tenbf n
..\tenbf c
..\tenbf e
..\penalty 10000
..\glue(\parfillskip) 0.0 plus 1.0fil
..\glue(\rightskip) 0.0
.\penalty 10000
.\glue 8.0 plus 2.6665 minus 2.6665
.\penalty 11333
.\glue(\parskip) 0.0 plus 1.0
.\glue(\baselineskip) 7.73334
.\hbox(8.26666+2.33331)x455.24411, glue set - 0.9624
..\tenrm S
..\tenrm e
..\tenrm k
..\tenrm v
..\kern-0.32639
..\tenrm e
..\tenrm n
..\tenrm c
..\tenrm e
..\glue 3.91663 plus 1.95831 minus 1.30554
..\tenrm j
..\tenrm e
..\glue 3.91663 plus 1.95831 minus 1.30554
..\tenrm d
..\tenrm e
..\tenrm ^^L (ligature fi)
..\tenrm n
..\tenrm o
..\kern-0.32639
..\tenrm v
..\kern-0.32639
..\tenrm a
..\tenrm n
..\tenrm á
..\glue 3.91663 plus 1.95831 minus 1.30554
..\tenrm j
..\tenrm a
..\tenrm k
..\kern-0.32639
..\tenrm o
..etc.
.\penalty 20000
.\glue(\baselineskip) 5.40002
.\hbox(8.26666+2.33331)x455.24411, glue set 289.70139fil
..\tenrm p
..\kern0.32639
..\tenrm o
..\tenrm ř
..\tenrm a
..\tenrm d
..\tenrm í
..\glue 3.91663 plus 1.95831 minus 1.30554
..\tenrm v
..\kern-0.32639
..\tenrm e
..\tenrm d
..\tenrm o
..\tenrm u
..\glue 3.91663 plus 1.95831 minus 1.30554
..\tenrm k
..\glue 3.91663 plus 1.95831 minus 1.30554
..\tenrm ř
..\tenrm e
..\tenrm š
..\tenrm e
..\tenrm n
..\tenrm í
..\glue 3.91663 plus 1.95831 minus 1.30554
..\tenrm p
..\tenrm r
..\tenrm o
..\tenrm b
..\tenrm l
..\tenrm é
..etc.
.\glue 14.22636
.\glue(\lineskip) 1.0
.\hbox(175.3831+0.0)x455.24411, glue set 204.85847fil
..\glue 0.0 plus 1.0fil minus 1.0fil
..\hbox(175.3831+0.0)x45.52718
...\pdfrefximage(175.3831+0.0)x45.52718
..\glue 0.0 plus 1.0fil minus 1.0fil
.\penalty 10000
.\glue 8.0 plus 2.6665 minus 2.6665
.\glue(\parskip) 0.0 plus 1.0
.\glue(\baselineskip) 7.66669
.\hbox(8.33331+2.33331)x455.24411, glue set 117.92604fil
..\glue(\leftskip) 20.0 plus 1.0fil
..\tenbf O
..\tenbf b
..\tenbf r
..\tenbf á
..\tenbf z
..\tenbf e
..\tenbf k
..\glue 4.5 plus 2.25 minus 1.5
..\tenbf 2
..\tenbf .
..\tenbf 4
..\tenbf .
..\tenbf 1
..\kern 5.87494
..\tenrm D
..\tenrm i
..\tenrm a
..\tenrm g
..\tenrm r
..\tenrm a
..\tenrm m
..\glue 3.91663 plus 1.95831 minus 1.30554
..\tenrm s
..\tenrm e
..\tenrm k
..\tenrm v
..\kern-0.32639
..\tenrm e
..\tenrm n
..etc.
.\penalty -200
.\glue 8.0 plus 2.6665 minus 2.6665
.\glue(\parskip) 0.0 plus 1.0
.\glue(\baselineskip) 6.86726
.\hbox(10.0006+0.0)x455.24411, glue set 354.76297fil
..\write0<3>{\string \Xtoc {2}{\noexpand \rm }{2.4.2}{Selekce}{\the \pageno }}
..\tenbf 2
..\tenbf .
..\tenbf 4
..\tenbf .
..\tenbf 2
..\glue 16.20099
..\tenbf S
..\tenbf e
..\tenbf l
..\tenbf e
..\tenbf k
..\kern-0.45003
..\tenbf c
..\tenbf e
..\penalty 10000
..\glue(\parfillskip) 0.0 plus 1.0fil
..\glue(\rightskip) 0.0
.\penalty 10000
.\glue 8.0 plus 2.6665 minus 2.6665
.\penalty 11333
.\glue(\parskip) 0.0 plus 1.0
.\glue(\baselineskip) 7.73334
.\hbox(8.26666+2.33331)x455.24411, glue set - 0.70656
..\tenrm S
..\tenrm e
..\tenrm l
..\tenrm e
..\tenrm k
..\kern-0.32639
..\tenrm c
..\tenrm e
..\glue 3.91663 plus 1.95831 minus 1.30554
..\tenrm u
..\tenrm m
..\tenrm o
..\tenrm ž
..\tenrm ň
..\kern-0.32639
..\tenrm u
..\tenrm j
..\tenrm e
..\glue 3.91663 plus 1.95831 minus 1.30554
..\tenrm r
..\tenrm o
..\tenrm z
..\tenrm h
..\tenrm o
..\kern0.32639
..\tenrm d
..\tenrm o
..\kern-0.32639
..\tenrm v
..\kern-0.32639
..etc.
.etc.

 [3 <./img/uml_sequence.png> <./img/uml_selection.png>] [4 <./img/uml_iteration
.png> <./img/uml_conditional_iteration.png>]) [5] (./src/JazykC.tex) [6]
(./src/PripravaProstredi.tex [7 <./img/setup_environment_variables.png>]
[8 <./img/environment_variables.png> <./img/msys2_update.png>]) [9 <./img/vs_co
de.png>] (./src/PrekladZdrojovychKodu.tex [10 <./img/compilation_process.png>]
Underfull \vbox (badness 10000) has occurred while \output is active
\vbox(731.23584+2.33331)x455.24411, glue set 22.56664
.\glue(\topskip) 0.0
.\hbox(195.69945+0.0)x455.24411, glue set 113.81104fil
..\glue 0.0 plus 1.0fil minus 1.0fil
..\hbox(195.69945+0.0)x227.62206
...\pdfrefximage(195.69945+0.0)x227.62206
..\glue 0.0 plus 1.0fil minus 1.0fil
.\penalty 10000
.\glue 8.0 plus 2.6665 minus 2.6665
.\glue(\parskip) 0.0 plus 1.0
.\glue(\baselineskip) 7.66669
.\hbox(8.33331+2.33331)x455.24411, glue set 95.15962fil
..\glue(\leftskip) 20.0 plus 1.0fil
..\tenbf O
..\tenbf b
..\tenbf r
..\tenbf á
..\tenbf z
..\tenbf e
..\tenbf k
..\glue 4.5 plus 2.25 minus 1.5
..\tenbf 5
..\tenbf .
..\tenbf 2
..\tenbf .
..\tenbf 1
..\kern 5.87494
..\tenrm O
..\tenrm t
..\tenrm e
..\tenrm v
..\tenrm ř
..\tenrm e
..\tenrm n
..\tenrm í
..\glue 3.91663 plus 1.95831 minus 1.30554
..\tenrm p
..\tenrm r
..\tenrm o
..\kern0.65277
..\tenrm j
..\tenrm e
..etc.
.\glue(\parskip) 0.0 plus 1.0
.\glue(\baselineskip) 5.40002
.\hbox(8.26666+2.33331)x455.24411, glue set 0.05882
..\hbox(0.0+0.0)x20.0
..\tenrm O
..\tenrm t
..\tenrm e
..\tenrm v
..\tenrm ř
..\tenrm e
..\glue 3.91663 plus 1.95831 minus 1.30554
..\tenrm s
..\tenrm e
..\glue 3.91663 plus 1.95831 minus 1.30554
..\tenrm o
..\tenrm k
..\tenrm n
..\tenrm o
..\glue 3.91663 plus 1.95831 minus 1.30554
..\tenrm p
..\tenrm r
..\tenrm o
..\glue 3.91663 plus 1.95831 minus 1.30554
..\tenrm v
..\tenrm ý
..\discretionary
...\tenrm -
..\tenrm b
..\kern0.32639
..\tenrm ě
..\tenrm r
..\glue 3.91663 plus 1.95831 minus 1.30554
..\tenrm p
..\tenrm r
..etc.
.\penalty 10100
.\glue(\baselineskip) 5.40002
.\hbox(8.26666+2.33331)x455.24411, glue set 0.18578
..\tenrm t
..\tenrm u
..\discretionary
...\tenrm -
..\tenrm j
..\tenrm í
..\tenrm c
..\tenrm í
..\glue 3.91663 plus 1.95831 minus 1.30554
..\tenrm p
..\tenrm r
..\discretionary replacing 2
...\tenrm o
...\tenrm -
..\tenrm o
..\kern0.65277
..\tenrm j
..\tenrm e
..\tenrm k
..\tenrm t
..\glue 3.91663 plus 1.95831 minus 1.30554
..\tenrm a
..\glue 3.91663 plus 1.95831 minus 1.30554
..\tenrm p
..\kern0.32639
..\tenrm o
..\discretionary
...\tenrm -
..\tenrm k
..\tenrm r
..\tenrm a
..\discretionary
...\tenrm -
..\tenrm č
..\discretionary replacing 2
...\tenrm o
...\tenrm -
..etc.
.\penalty 10000
.\glue(\baselineskip) 5.40002
.\hbox(8.26666+2.33331)x455.24411, glue set - 0.06323
..\tenrm p
..\tenrm r
..\discretionary replacing 2
...\tenrm o
...\tenrm -
..\tenrm o
..\kern0.65277
..\tenrm j
..\tenrm e
..\tenrm k
..\tenrm t
..\tenrm u
..\tenrm .
..\glue 3.91663 plus 1.95831 minus 1.30554
..\tenrm N
..\tenrm o
..\kern-0.32639
..\tenrm v
..\kern-0.32639
..\tenrm á
..\glue 3.91663 plus 1.95831 minus 1.30554
..\tenrm p
..\tenrm r
..\discretionary replacing 2
...\tenrm o
...\tenrm -
..\tenrm o
..\kern0.65277
..\tenrm j
..\tenrm e
..\tenrm k
..\discretionary
...\tenrm -
..\tenrm t
..\tenrm o
..etc.
.\glue 14.22636
.\glue(\lineskip) 1.0
.\hbox(195.36218+0.0)x455.24411, glue set 68.28732fil
..\glue 0.0 plus 1.0fil minus 1.0fil
..\hbox(195.36218+0.0)x318.66948
...\pdfrefximage(195.36218+0.0)x318.66948
..\glue 0.0 plus 1.0fil minus 1.0fil
.\penalty 10000
.\glue 8.0 plus 2.6665 minus 2.6665
.\glue(\parskip) 0.0 plus 1.0
.\glue(\baselineskip) 7.0
.\hbox(9.0+3.0)x455.24411, glue set 78.51604fil
..\glue(\leftskip) 20.0 plus 1.0fil
..\tenbf O
..\tenbf b
..\tenbf r
..\tenbf á
..\tenbf z
..\tenbf e
..\tenbf k
..\glue 4.5 plus 2.25 minus 1.5
..\tenbf 5
..\tenbf .
..\tenbf 2
..\tenbf .
..\tenbf 2
..\kern 5.87494
..\tenrm V
..\tenrm ý
..\tenrm b
..\kern0.32639
..\tenrm ě
..\tenrm r
..\tenrm /
..\tenrm z
..\tenrm a
..\tenrm l
..\tenrm o
..\tenrm ž
..\tenrm e
..\tenrm n
..\tenrm í
..etc.
.\glue(\parskip) 0.0 plus 1.0
.\glue(\baselineskip) 4.73334
.\hbox(8.26666+2.33331)x455.24411, glue set - 0.12402
..\hbox(0.0+0.0)x20.0
..\tenrm P
..\kern-0.32639
..\tenrm o
..\glue 3.91663 plus 1.95831 minus 1.30554
..\tenrm o
..\tenrm t
..\tenrm e
..\tenrm v
..\tenrm ř
..\tenrm e
..\tenrm n
..\tenrm í
..\glue 3.91663 plus 1.95831 minus 1.30554
..\tenrm p
..\tenrm r
..\tenrm o
..\kern0.65277
..\tenrm j
..\tenrm e
..\tenrm k
..\tenrm t
..\tenrm o
..\kern-0.32639
..\tenrm v
..\kern-0.32639
..\tenrm é
..\glue 3.91663 plus 1.95831 minus 1.30554
..\tenrm s
..\tenrm l
..etc.

 [11 <./img/vs_code_open_folder.png> <./img/vs_code_choose_folder.png>] [12 <./
img/vs_code_create_file.png> <./img/vs_code_open_terminal.png>] [13]) [14]
(./src/ReprezentaceDatVPC.tex [15]) [16] (./src/DatoveTypy.tex) [17]
(./src/Promenne.tex) [18] (./src/RidiciKonstrukce.tex) [19] (./src/Funkce.tex)
[20] (./src/DatoveStruktury.tex) [21] (./src/Ukazatele.tex) [22]
(./src/Preprocesor.tex) [23] (./src/SouboryARetezce.tex) [24]
(./src/ChybyVProgramu.tex) [25] )<c:/msys64/mingw64/share/texmf-dist/fonts/type
1/public/amsfonts/cm/cmmi12.pfb><c:/msys64/mingw64/share/texmf-dist/fonts/type1
/public/amsfonts/cm/cmsy10.pfb><c:/msys64/mingw64/share/texmf-dist/fonts/type1/
public/cs/csbx12.pfb><c:/msys64/mingw64/share/texmf-dist/fonts/type1/public/cs/
csr10.pfb><c:/msys64/mingw64/share/texmf-dist/fonts/type1/public/cs/csr12.pfb><
c:/msys64/mingw64/share/texmf-dist/fonts/type1/public/cs/csr8.pfb><c:/msys64/mi
ngw64/share/texmf-dist/fonts/type1/public/cs/csti12.pfb><c:/msys64/mingw64/shar
e/texmf-dist/fonts/type1/public/cs/cstt12.pfb>
Output written on pdf/UvodDoProgramovani.pdf (27 pages, 1135951 bytes).
PDF statistics:
 142 PDF objects out of 1000 (max. 8388607)
 86 compressed objects within 1 object stream
 0 named destinations out of 1000 (max. 500000)
 66 words of extra memory for PDF output out of 10000 (max. 10000000)

